mode: set
github.com/moali87/prayer-schedule/aladhan.go:44.57,58.16 4 1
github.com/moali87/prayer-schedule/aladhan.go:63.2,63.15 1 1
github.com/moali87/prayer-schedule/aladhan.go:72.2,73.22 2 1
github.com/moali87/prayer-schedule/aladhan.go:79.2,79.18 1 1
github.com/moali87/prayer-schedule/aladhan.go:58.16,61.3 2 0
github.com/moali87/prayer-schedule/aladhan.go:63.15,65.17 2 1
github.com/moali87/prayer-schedule/aladhan.go:65.17,68.14 3 0
github.com/moali87/prayer-schedule/aladhan.go:73.22,76.15 3 0
github.com/moali87/prayer-schedule/here.go:58.156,70.16 5 1
github.com/moali87/prayer-schedule/here.go:75.2,75.15 1 1
github.com/moali87/prayer-schedule/here.go:83.2,85.27 3 1
github.com/moali87/prayer-schedule/here.go:92.2,94.40 2 1
github.com/moali87/prayer-schedule/here.go:104.2,104.55 1 1
github.com/moali87/prayer-schedule/here.go:70.16,73.3 2 0
github.com/moali87/prayer-schedule/here.go:75.15,77.17 2 1
github.com/moali87/prayer-schedule/here.go:77.17,79.14 2 0
github.com/moali87/prayer-schedule/here.go:85.27,90.3 4 0
github.com/moali87/prayer-schedule/here.go:94.40,95.77 1 1
github.com/moali87/prayer-schedule/here.go:95.77,101.6 5 1
github.com/moali87/prayer-schedule/pcal.go:32.53,41.2 1 0
github.com/moali87/prayer-schedule/pcal.go:48.53,56.2 1 0
github.com/moali87/prayer-schedule/pcal.go:62.80,64.16 2 1
github.com/moali87/prayer-schedule/pcal.go:68.2,75.64 6 1
github.com/moali87/prayer-schedule/pcal.go:79.2,79.35 1 1
github.com/moali87/prayer-schedule/pcal.go:85.2,85.30 1 1
github.com/moali87/prayer-schedule/pcal.go:108.3,110.30 2 0
github.com/moali87/prayer-schedule/pcal.go:64.16,66.3 1 0
github.com/moali87/prayer-schedule/pcal.go:75.64,77.4 1 0
github.com/moali87/prayer-schedule/pcal.go:79.35,83.3 3 1
github.com/moali87/prayer-schedule/pcal.go:85.30,89.19 4 1
github.com/moali87/prayer-schedule/pcal.go:93.5,93.71 1 1
github.com/moali87/prayer-schedule/pcal.go:103.5,105.42 3 1
github.com/moali87/prayer-schedule/pcal.go:89.19,91.6 1 0
github.com/moali87/prayer-schedule/pcal.go:93.71,94.48 1 0
github.com/moali87/prayer-schedule/pcal.go:101.7,101.90 1 0
github.com/moali87/prayer-schedule/pcal.go:94.48,95.77 1 0
github.com/moali87/prayer-schedule/pcal.go:95.77,99.10 3 0
github.com/moali87/prayer-schedule/pcal.go:113.79,115.125 1 1
github.com/moali87/prayer-schedule/pcal.go:121.2,121.125 1 1
github.com/moali87/prayer-schedule/pcal.go:126.2,126.125 1 1
github.com/moali87/prayer-schedule/pcal.go:130.2,130.125 1 1
github.com/moali87/prayer-schedule/pcal.go:133.2,134.97 2 0
github.com/moali87/prayer-schedule/pcal.go:115.125,118.3 2 0
github.com/moali87/prayer-schedule/pcal.go:121.125,124.3 2 0
github.com/moali87/prayer-schedule/pcal.go:126.125,128.3 1 1
github.com/moali87/prayer-schedule/pcal.go:130.125,132.3 1 1
github.com/moali87/prayer-schedule/prayer-calc.go:14.81,21.17 5 1
github.com/moali87/prayer-schedule/prayer-calc.go:25.3,26.17 2 1
github.com/moali87/prayer-schedule/prayer-calc.go:30.3,30.46 1 1
github.com/moali87/prayer-schedule/prayer-calc.go:36.3,36.99 1 1
github.com/moali87/prayer-schedule/prayer-calc.go:40.3,40.15 1 1
github.com/moali87/prayer-schedule/prayer-calc.go:21.17,23.4 1 0
github.com/moali87/prayer-schedule/prayer-calc.go:26.17,28.4 1 0
github.com/moali87/prayer-schedule/prayer-calc.go:30.46,32.4 1 1
github.com/moali87/prayer-schedule/prayer-calc.go:36.99,38.4 1 1
github.com/moali87/prayer-schedule/prayer-calc.go:53.62,57.74 2 0
github.com/moali87/prayer-schedule/prayer-calc.go:64.5,68.36 5 0
github.com/moali87/prayer-schedule/prayer-calc.go:71.5,72.37 2 0
github.com/moali87/prayer-schedule/prayer-calc.go:76.5,77.33 2 0
github.com/moali87/prayer-schedule/prayer-calc.go:82.5,84.41 3 0
github.com/moali87/prayer-schedule/prayer-calc.go:88.5,88.51 1 0
github.com/moali87/prayer-schedule/prayer-calc.go:112.5,112.43 1 0
github.com/moali87/prayer-schedule/prayer-calc.go:117.5,117.64 1 0
github.com/moali87/prayer-schedule/prayer-calc.go:57.74,62.6 4 0
github.com/moali87/prayer-schedule/prayer-calc.go:68.36,70.6 1 0
github.com/moali87/prayer-schedule/prayer-calc.go:72.37,74.6 1 0
github.com/moali87/prayer-schedule/prayer-calc.go:77.33,79.6 1 0
github.com/moali87/prayer-schedule/prayer-calc.go:84.41,87.6 2 0
github.com/moali87/prayer-schedule/prayer-calc.go:88.51,90.85 2 0
github.com/moali87/prayer-schedule/prayer-calc.go:93.7,96.45 2 0
github.com/moali87/prayer-schedule/prayer-calc.go:101.7,101.45 1 0
github.com/moali87/prayer-schedule/prayer-calc.go:106.7,106.83 1 0
github.com/moali87/prayer-schedule/prayer-calc.go:90.85,91.14 1 0
github.com/moali87/prayer-schedule/prayer-calc.go:96.45,98.8 1 0
github.com/moali87/prayer-schedule/prayer-calc.go:101.45,103.8 1 0
github.com/moali87/prayer-schedule/prayer-calc.go:106.83,108.8 1 0
github.com/moali87/prayer-schedule/prayer-calc.go:112.43,115.6 2 0
