mode: set
github.com/moali87/prayer-schedule/aladhan.go:46.49,48.2 1 1
github.com/moali87/prayer-schedule/aladhan.go:50.43,52.2 1 1
github.com/moali87/prayer-schedule/aladhan.go:54.70,59.16 3 1
github.com/moali87/prayer-schedule/aladhan.go:64.2,64.15 1 1
github.com/moali87/prayer-schedule/aladhan.go:73.2,74.22 2 1
github.com/moali87/prayer-schedule/aladhan.go:80.5,82.22 2 1
github.com/moali87/prayer-schedule/aladhan.go:59.16,62.3 2 0
github.com/moali87/prayer-schedule/aladhan.go:64.15,66.17 2 1
github.com/moali87/prayer-schedule/aladhan.go:66.17,69.14 3 0
github.com/moali87/prayer-schedule/aladhan.go:74.22,77.15 3 0
github.com/moali87/prayer-schedule/aladhan.go:89.58,94.68 4 1
github.com/moali87/prayer-schedule/aladhan.go:106.2,106.62 1 1
github.com/moali87/prayer-schedule/aladhan.go:119.2,130.22 3 1
github.com/moali87/prayer-schedule/aladhan.go:142.2,142.22 1 1
github.com/moali87/prayer-schedule/aladhan.go:154.5,158.20 5 1
github.com/moali87/prayer-schedule/aladhan.go:163.2,165.21 2 1
github.com/moali87/prayer-schedule/aladhan.go:94.68,104.3 2 1
github.com/moali87/prayer-schedule/aladhan.go:106.62,116.3 2 1
github.com/moali87/prayer-schedule/aladhan.go:130.22,135.20 5 1
github.com/moali87/prayer-schedule/aladhan.go:139.5,139.49 1 1
github.com/moali87/prayer-schedule/aladhan.go:135.20,136.54 1 0
github.com/moali87/prayer-schedule/aladhan.go:142.22,147.20 5 1
github.com/moali87/prayer-schedule/aladhan.go:151.5,151.53 1 1
github.com/moali87/prayer-schedule/aladhan.go:147.20,148.50 1 0
github.com/moali87/prayer-schedule/aladhan.go:158.20,159.55 1 0
github.com/moali87/prayer-schedule/here.go:48.156,63.16 7 1
github.com/moali87/prayer-schedule/here.go:68.2,68.15 1 1
github.com/moali87/prayer-schedule/here.go:75.2,78.27 4 1
github.com/moali87/prayer-schedule/here.go:84.2,86.39 2 1
github.com/moali87/prayer-schedule/here.go:96.2,96.55 1 1
github.com/moali87/prayer-schedule/here.go:63.16,66.3 2 0
github.com/moali87/prayer-schedule/here.go:68.15,70.17 2 1
github.com/moali87/prayer-schedule/here.go:70.17,71.14 1 0
github.com/moali87/prayer-schedule/here.go:78.27,82.3 3 0
github.com/moali87/prayer-schedule/here.go:86.39,87.75 1 1
github.com/moali87/prayer-schedule/here.go:87.75,93.4 5 1
github.com/moali87/prayer-schedule/pcal.go:30.53,39.2 1 0
github.com/moali87/prayer-schedule/pcal.go:46.53,54.2 1 0
github.com/moali87/prayer-schedule/pcal.go:60.81,62.16 2 1
github.com/moali87/prayer-schedule/pcal.go:66.2,73.63 6 1
github.com/moali87/prayer-schedule/pcal.go:77.2,77.35 1 1
github.com/moali87/prayer-schedule/pcal.go:83.2,83.30 1 1
github.com/moali87/prayer-schedule/pcal.go:106.2,108.17 2 0
github.com/moali87/prayer-schedule/pcal.go:62.16,64.3 1 0
github.com/moali87/prayer-schedule/pcal.go:73.63,75.3 1 0
github.com/moali87/prayer-schedule/pcal.go:77.35,81.3 3 1
github.com/moali87/prayer-schedule/pcal.go:83.30,87.17 4 1
github.com/moali87/prayer-schedule/pcal.go:91.3,91.69 1 1
github.com/moali87/prayer-schedule/pcal.go:101.3,103.40 3 1
github.com/moali87/prayer-schedule/pcal.go:87.17,89.4 1 0
github.com/moali87/prayer-schedule/pcal.go:91.69,92.45 1 0
github.com/moali87/prayer-schedule/pcal.go:99.4,99.87 1 0
github.com/moali87/prayer-schedule/pcal.go:92.45,93.73 1 0
github.com/moali87/prayer-schedule/pcal.go:93.73,97.6 3 0
github.com/moali87/prayer-schedule/pcal.go:111.79,113.125 1 1
github.com/moali87/prayer-schedule/pcal.go:119.2,119.125 1 1
github.com/moali87/prayer-schedule/pcal.go:124.2,124.125 1 1
github.com/moali87/prayer-schedule/pcal.go:128.2,128.125 1 1
github.com/moali87/prayer-schedule/pcal.go:131.2,132.97 2 0
github.com/moali87/prayer-schedule/pcal.go:113.125,116.3 2 0
github.com/moali87/prayer-schedule/pcal.go:119.125,122.3 2 0
github.com/moali87/prayer-schedule/pcal.go:124.125,126.3 1 1
github.com/moali87/prayer-schedule/pcal.go:128.125,130.3 1 1
github.com/moali87/prayer-schedule/prayer-calc.go:13.90,21.16 6 1
github.com/moali87/prayer-schedule/prayer-calc.go:25.2,26.16 2 1
github.com/moali87/prayer-schedule/prayer-calc.go:30.2,30.45 1 1
github.com/moali87/prayer-schedule/prayer-calc.go:34.2,35.50 1 1
github.com/moali87/prayer-schedule/prayer-calc.go:39.2,40.50 1 1
github.com/moali87/prayer-schedule/prayer-calc.go:44.2,44.19 1 1
github.com/moali87/prayer-schedule/prayer-calc.go:21.16,23.3 1 0
github.com/moali87/prayer-schedule/prayer-calc.go:26.16,28.3 1 0
github.com/moali87/prayer-schedule/prayer-calc.go:30.45,32.3 1 1
github.com/moali87/prayer-schedule/prayer-calc.go:35.50,37.3 1 1
github.com/moali87/prayer-schedule/prayer-calc.go:40.50,42.3 1 0
github.com/moali87/prayer-schedule/prayer-calc.go:62.61,70.33 6 1
github.com/moali87/prayer-schedule/prayer-calc.go:73.2,74.34 2 1
github.com/moali87/prayer-schedule/prayer-calc.go:78.2,79.30 2 1
github.com/moali87/prayer-schedule/prayer-calc.go:84.5,85.19 2 1
github.com/moali87/prayer-schedule/prayer-calc.go:88.2,88.19 1 1
github.com/moali87/prayer-schedule/prayer-calc.go:102.2,110.48 8 1
github.com/moali87/prayer-schedule/prayer-calc.go:183.5,184.19 2 1
github.com/moali87/prayer-schedule/prayer-calc.go:187.2,189.19 2 1
github.com/moali87/prayer-schedule/prayer-calc.go:193.2,193.74 1 0
github.com/moali87/prayer-schedule/prayer-calc.go:70.33,72.3 1 0
github.com/moali87/prayer-schedule/prayer-calc.go:74.34,76.3 1 0
github.com/moali87/prayer-schedule/prayer-calc.go:79.30,81.3 1 0
github.com/moali87/prayer-schedule/prayer-calc.go:85.19,87.6 1 0
github.com/moali87/prayer-schedule/prayer-calc.go:88.19,94.23 6 1
github.com/moali87/prayer-schedule/prayer-calc.go:97.9,98.21 2 1
github.com/moali87/prayer-schedule/prayer-calc.go:94.23,96.10 1 0
github.com/moali87/prayer-schedule/prayer-calc.go:110.48,116.60 3 1
github.com/moali87/prayer-schedule/prayer-calc.go:124.9,124.23 1 1
github.com/moali87/prayer-schedule/prayer-calc.go:128.3,128.63 1 1
github.com/moali87/prayer-schedule/prayer-calc.go:137.3,137.61 1 1
github.com/moali87/prayer-schedule/prayer-calc.go:146.3,146.59 1 1
github.com/moali87/prayer-schedule/prayer-calc.go:155.3,155.63 1 1
github.com/moali87/prayer-schedule/prayer-calc.go:164.3,164.60 1 1
github.com/moali87/prayer-schedule/prayer-calc.go:174.3,174.32 1 1
github.com/moali87/prayer-schedule/prayer-calc.go:116.60,122.9 6 1
github.com/moali87/prayer-schedule/prayer-calc.go:124.23,126.10 1 0
github.com/moali87/prayer-schedule/prayer-calc.go:128.63,134.9 6 1
github.com/moali87/prayer-schedule/prayer-calc.go:137.61,143.9 6 1
github.com/moali87/prayer-schedule/prayer-calc.go:146.59,152.9 6 1
github.com/moali87/prayer-schedule/prayer-calc.go:155.63,161.9 6 1
github.com/moali87/prayer-schedule/prayer-calc.go:164.60,170.9 6 1
github.com/moali87/prayer-schedule/prayer-calc.go:174.32,179.9 5 0
github.com/moali87/prayer-schedule/prayer-calc.go:184.19,186.6 1 0
github.com/moali87/prayer-schedule/prayer-calc.go:189.19,191.3 1 1
github.com/moali87/prayer-schedule/prayer-calc.go:201.27,203.16 2 1
github.com/moali87/prayer-schedule/prayer-calc.go:206.2,207.16 2 1
github.com/moali87/prayer-schedule/prayer-calc.go:211.2,213.46 2 1
github.com/moali87/prayer-schedule/prayer-calc.go:218.2,222.19 3 1
github.com/moali87/prayer-schedule/prayer-calc.go:203.16,205.3 1 0
github.com/moali87/prayer-schedule/prayer-calc.go:207.16,209.3 1 0
github.com/moali87/prayer-schedule/prayer-calc.go:213.46,216.3 2 1
github.com/moali87/prayer-schedule/prayer-calc.go:228.27,236.16 7 1
github.com/moali87/prayer-schedule/prayer-calc.go:239.5,239.25 1 1
github.com/moali87/prayer-schedule/prayer-calc.go:236.16,238.3 1 0
